#
# A fatal error has been detected by the Java Runtime Environment:
#
#  EXCEPTION_ACCESS_VIOLATION (0xc0000005) at pc=0x000000006d523ec6, pid=2680, tid=3948
#
# JRE version: 6.0_22-b04
# Java VM: Java HotSpot(TM) 64-Bit Server VM (17.1-b03 mixed mode windows-amd64 )
# Problematic frame:
# C  [jsound.dll+0x13ec6]
#
# If you would like to submit a bug report, please visit:
#   http://java.sun.com/webapps/bugreport/crash.jsp
# The crash happened outside the Java Virtual Machine in native code.
# See problematic frame for where to report the bug.
#

---------------  T H R E A D  ---------------

Current thread (0x000000004ec21000):  JavaThread "Headspace mixer frame proc thread" daemon [_thread_in_native, id=3948, stack(0x0000000055280000,0x0000000055380000)]

siginfo: ExceptionCode=0xc0000005, reading address 0x00000000587e91c8

Registers:
EAX=0x0000000000003c02, EBX=0x0000000000001000, ECX=0x0000000000001000, EDX=0x0000000000003c02
ESP=0x000000005537f110, EBP=0x00000000516800c8, ESI=0x00000000000011dc, EDI=0x00000000000011dc
EIP=0x000000006d523ec6, EFLAGS=0x0000000000010202

Top of Stack: (sp=0x000000005537f110)
0x000000005537f110:   000000005537f190 00000000516810c8
0x000000005537f120:   000000005537f134 000000004b6b4370
0x000000005537f130:   0000020000001000 00000000516800c8
0x000000005537f140:   000000004b641d18 0000000000000001
0x000000005537f150:   0000000000000000 0000000000000203
0x000000005537f160:   0000000000001e01 0000000000003ff5
0x000000005537f170:   000000004ec211c8 00000000000021f4
0x000000005537f180:   0000000051678ff0 000000006d5207d0
0x000000005537f190:   0000000051678ff0 000000004ec211c8
0x000000005537f1a0:   0000000000000000 0000000000000000
0x000000005537f1b0:   0000000000000040 000000004ec21000
0x000000005537f1c0:   000000005537f780 000000004ec211c8
0x000000005537f1d0:   000000004ec211c8 0000000051678ff0
0x000000005537f1e0:   0000000000000032 000000004ec211c8
0x000000005537f1f0:   00000000516621c0 000000006d520b56
0x000000005537f200:   0000000022bcf6ad 000000004ec211c8 

Instructions: (pc=0x000000006d523ec6)
0x000000006d523eb6:   45 8b c4 44 03 e3 c1 e8 0c 45 23 c2 03 c0 8b d0
0x000000006d523ec6:   41 0f bf 44 45 00 41 0f bf 4c 55 04 2b c8 41 0f 


Stack: [0x0000000055280000,0x0000000055380000],  sp=0x000000005537f110,  free space=3fc0000000000000000k
Native frames: (J=compiled Java code, j=interpreted, Vv=VM code, C=native code)
C  [jsound.dll+0x13ec6]

Java frames: (J=compiled Java code, j=interpreted, Vv=VM code)
j  com.sun.media.sound.MixerThread.runNative(J)V+0
j  com.sun.media.sound.MixerThread.run()V+5
v  ~StubRoutines::call_stub

---------------  P R O C E S S  ---------------

Java Threads: ( => current thread )
  0x000000004ed2f000 JavaThread "Thread-367" [_thread_blocked, id=1416, stack(0x0000000057870000,0x0000000057970000)]
  0x0000000050272000 JavaThread "Thread-366" [_thread_blocked, id=3580, stack(0x0000000053030000,0x0000000053130000)]
  0x00000000561a2000 JavaThread "Thread-365" [_thread_blocked, id=1732, stack(0x00000000567a0000,0x00000000568a0000)]
  0x00000000561a1800 JavaThread "Thread-364" [_thread_blocked, id=3728, stack(0x0000000052d30000,0x0000000052e30000)]
  0x00000000561a1000 JavaThread "Thread-363" [_thread_blocked, id=1940, stack(0x0000000055180000,0x0000000055280000)]
  0x0000000050272800 JavaThread "Thread-362" [_thread_in_native, id=1772, stack(0x0000000053a40000,0x0000000053b40000)]
  0x000000004ed2c000 JavaThread "Thread-361" [_thread_blocked, id=3540, stack(0x0000000058f70000,0x0000000059070000)]
  0x00000000561a3000 JavaThread "Thread-360" [_thread_blocked, id=3436, stack(0x0000000059470000,0x0000000059570000)]
  0x000000005a466800 JavaThread "Thread-359" [_thread_blocked, id=4024, stack(0x000000005e590000,0x000000005e690000)]
  0x000000005a465800 JavaThread "Thread-358" [_thread_blocked, id=3020, stack(0x000000005e490000,0x000000005e590000)]
  0x000000005a465000 JavaThread "Thread-357" [_thread_blocked, id=2740, stack(0x000000005e390000,0x000000005e490000)]
  0x000000005a464000 JavaThread "Thread-356" [_thread_blocked, id=3272, stack(0x000000005e290000,0x000000005e390000)]
  0x000000005a463800 JavaThread "Thread-355" [_thread_blocked, id=3364, stack(0x000000005d1c0000,0x000000005d2c0000)]
  0x000000005a462800 JavaThread "Thread-354" [_thread_in_native, id=2468, stack(0x000000005d0c0000,0x000000005d1c0000)]
  0x000000005a462000 JavaThread "Thread-353" [_thread_blocked, id=3740, stack(0x000000005cfc0000,0x000000005d0c0000)]
  0x000000005a461800 JavaThread "Thread-352" [_thread_blocked, id=3156, stack(0x000000005cec0000,0x000000005cfc0000)]
  0x000000005a460800 JavaThread "Thread-351" [_thread_blocked, id=2364, stack(0x000000005cdc0000,0x000000005cec0000)]
  0x000000005a460000 JavaThread "Thread-350" [_thread_blocked, id=3680, stack(0x000000005ccc0000,0x000000005cdc0000)]
  0x000000005a45f000 JavaThread "Thread-349" [_thread_in_native, id=2796, stack(0x000000005cbc0000,0x000000005ccc0000)]
  0x000000004ffd6800 JavaThread "Thread-348" [_thread_blocked, id=3768, stack(0x000000005cac0000,0x000000005cbc0000)]
  0x000000004ffd6000 JavaThread "Thread-347" [_thread_blocked, id=724, stack(0x000000005c9c0000,0x000000005cac0000)]
  0x000000004ffd5800 JavaThread "Thread-346" [_thread_in_native, id=3748, stack(0x000000005c8c0000,0x000000005c9c0000)]
  0x000000004ffd4800 JavaThread "Thread-345" [_thread_blocked, id=2500, stack(0x000000005c7c0000,0x000000005c8c0000)]
  0x000000004ffd4000 JavaThread "Thread-344" [_thread_blocked, id=400, stack(0x000000005c6c0000,0x000000005c7c0000)]
  0x000000004ffd3000 JavaThread "Thread-343" [_thread_blocked, id=3744, stack(0x000000005c5c0000,0x000000005c6c0000)]
  0x000000004ffd2800 JavaThread "Thread-342" [_thread_in_native, id=3492, stack(0x000000005c4c0000,0x000000005c5c0000)]
  0x000000004ffd1800 JavaThread "Thread-341" [_thread_blocked, id=3116, stack(0x000000005c3c0000,0x000000005c4c0000)]
  0x000000004ffd1000 JavaThread "Thread-340" [_thread_blocked, id=976, stack(0x000000005c2c0000,0x000000005c3c0000)]
  0x000000004ffd0000 JavaThread "Thread-339" [_thread_blocked, id=704, stack(0x000000005c1c0000,0x000000005c2c0000)]
  0x000000004ffcf800 JavaThread "Thread-338" [_thread_blocked, id=3628, stack(0x000000005c0c0000,0x000000005c1c0000)]
  0x000000005026f000 JavaThread "Thread-337" [_thread_in_native, id=2920, stack(0x000000005bfc0000,0x000000005c0c0000)]
  0x000000005026e000 JavaThread "Thread-336" [_thread_blocked, id=3348, stack(0x000000005bec0000,0x000000005bfc0000)]
  0x0000000050270800 JavaThread "Thread-334" [_thread_blocked, id=1536, stack(0x000000005bcc0000,0x000000005bdc0000)]
  0x000000005029c800 JavaThread "Thread-321" [_thread_in_native, id=3536, stack(0x0000000058470000,0x0000000058570000)]
  0x00000000561a6800 JavaThread "Thread-308" [_thread_in_native, id=3624, stack(0x0000000057970000,0x0000000057a70000)]
  0x00000000561a4800 JavaThread "Thread-304" [_thread_in_native, id=3800, stack(0x0000000055080000,0x0000000055180000)]
  0x000000005029b000 JavaThread "Thread-299" [_thread_in_native, id=3244, stack(0x000000005bbc0000,0x000000005bcc0000)]
  0x000000005029a000 JavaThread "Thread-298" [_thread_in_native, id=3996, stack(0x000000005bac0000,0x000000005bbc0000)]
  0x0000000050299800 JavaThread "Thread-297" [_thread_in_native, id=3792, stack(0x000000005b9c0000,0x000000005bac0000)]
  0x0000000050298800 JavaThread "Thread-296" [_thread_in_native, id=2616, stack(0x000000005b8c0000,0x000000005b9c0000)]
  0x0000000050298000 JavaThread "Thread-295" [_thread_in_native, id=3248, stack(0x000000005b7c0000,0x000000005b8c0000)]
  0x0000000050297000 JavaThread "Thread-294" [_thread_in_native, id=2328, stack(0x000000005b6c0000,0x000000005b7c0000)]
  0x0000000050296800 JavaThread "Thread-293" [_thread_in_native, id=3300, stack(0x000000005b5c0000,0x000000005b6c0000)]
  0x000000004fe73000 JavaThread "Thread-292" [_thread_in_native, id=1736, stack(0x000000005b4c0000,0x000000005b5c0000)]
  0x000000004fe72800 JavaThread "Thread-291" [_thread_in_native, id=544, stack(0x000000005b3c0000,0x000000005b4c0000)]
  0x000000004fe72000 JavaThread "Thread-290" [_thread_in_native, id=2564, stack(0x000000005b2c0000,0x000000005b3c0000)]
  0x000000004fe71000 JavaThread "Thread-289" [_thread_in_native, id=984, stack(0x000000005b1c0000,0x000000005b2c0000)]
  0x000000004fe70800 JavaThread "Thread-288" [_thread_in_native, id=3764, stack(0x000000005b0c0000,0x000000005b1c0000)]
  0x000000004fe6f800 JavaThread "Thread-287" [_thread_in_native, id=1624, stack(0x000000005afc0000,0x000000005b0c0000)]
  0x000000004fe6f000 JavaThread "Thread-286" [_thread_in_native, id=3356, stack(0x000000005aec0000,0x000000005afc0000)]
  0x000000004fe6e000 JavaThread "Thread-285" [_thread_in_native, id=3380, stack(0x000000005adc0000,0x000000005aec0000)]
  0x000000004ed2a800 JavaThread "Thread-284" [_thread_in_native, id=3724, stack(0x00000000556d0000,0x00000000557d0000)]
  0x000000004fe6d800 JavaThread "Thread-283" [_thread_in_native, id=3872, stack(0x000000005acc0000,0x000000005adc0000)]
  0x000000004fe6c800 JavaThread "Thread-282" [_thread_in_native, id=4020, stack(0x000000005abc0000,0x000000005acc0000)]
  0x000000004fe6c000 JavaThread "Thread-281" [_thread_blocked, id=3972, stack(0x0000000059a70000,0x0000000059b70000)]
=>0x000000004ec21000 JavaThread "Headspace mixer frame proc thread" daemon [_thread_in_native, id=3948, stack(0x0000000055280000,0x0000000055380000)]
  0x00000000501f6800 JavaThread "Java Sound Event Dispatcher" daemon [_thread_blocked, id=3840, stack(0x0000000053940000,0x0000000053a40000)]
  0x00000000501d0000 JavaThread "Timer-0" [_thread_blocked, id=2552, stack(0x0000000053240000,0x0000000053340000)]
  0x000000000057b000 JavaThread "DestroyJavaVM" [_thread_blocked, id=3656, stack(0x0000000002370000,0x0000000002470000)]
  0x00000000501f7800 JavaThread "D3D Screen Updater" daemon [_thread_blocked, id=3640, stack(0x0000000052530000,0x0000000052630000)]
  0x000000004fd35800 JavaThread "AWT-EventQueue-0" [_thread_blocked, id=1156, stack(0x00000000517a0000,0x00000000518a0000)]
  0x000000004b644000 JavaThread "AWT-Shutdown" [_thread_blocked, id=3608, stack(0x00000000516a0000,0x00000000517a0000)]
  0x000000004b645000 JavaThread "AWT-Windows" daemon [_thread_in_native, id=3864, stack(0x000000004c220000,0x000000004c320000)]
  0x000000004b5a5000 JavaThread "Java2D Disposer" daemon [_thread_blocked, id=3564, stack(0x000000004c020000,0x000000004c120000)]
  0x000000004b552000 JavaThread "Low Memory Detector" daemon [_thread_blocked, id=1540, stack(0x000000004baf0000,0x000000004bbf0000)]
  0x000000004b541000 JavaThread "CompilerThread1" daemon [_thread_blocked, id=3384, stack(0x000000004b9f0000,0x000000004baf0000)]
  0x00000000003c9800 JavaThread "CompilerThread0" daemon [_thread_blocked, id=2084, stack(0x000000004b8f0000,0x000000004b9f0000)]
  0x00000000003c2000 JavaThread "Attach Listener" daemon [_thread_blocked, id=1180, stack(0x000000004b7f0000,0x000000004b8f0000)]
  0x000000004b530800 JavaThread "Signal Dispatcher" daemon [_thread_blocked, id=908, stack(0x000000004b6f0000,0x000000004b7f0000)]
  0x00000000003ae000 JavaThread "Finalizer" daemon [_thread_blocked, id=2216, stack(0x000000004b3f0000,0x000000004b4f0000)]
  0x00000000003a5000 JavaThread "Reference Handler" daemon [_thread_blocked, id=3064, stack(0x000000004b2f0000,0x000000004b3f0000)]

Other Threads:
  0x00000000003a0800 VMThread [stack: 0x000000004b1f0000,0x000000004b2f0000] [id=2512]
  0x000000004b55e000 WatcherThread [stack: 0x000000004bbf0000,0x000000004bcf0000] [id=3440]

VM state:not at safepoint (normal execution)

VM Mutex/Monitor currently owned by a thread: None

Heap
 PSYoungGen      total 68544K, used 45927K [0x00000000353e0000, 0x000000003c050000, 0x000000004a930000)
  eden space 60480K, 75% used [0x00000000353e0000,0x00000000380b9f30,0x0000000038ef0000)
  from space 8064K, 0% used [0x000000003b670000,0x000000003b670000,0x000000003be50000)
  to   space 2048K, 0% used [0x000000003be50000,0x000000003be50000,0x000000003c050000)
 PSOldGen        total 46784K, used 19094K [0x000000000a930000, 0x000000000d6e0000, 0x00000000353e0000)
  object space 46784K, 40% used [0x000000000a930000,0x000000000bbd5940,0x000000000d6e0000)
 PSPermGen       total 35200K, used 17444K [0x0000000005530000, 0x0000000007790000, 0x000000000a930000)
  object space 35200K, 49% used [0x0000000005530000,0x0000000006639298,0x0000000007790000)

Dynamic libraries:
0x0000000000400000 - 0x000000000042e000 	C:\Program Files\Java\jre6\bin\javaw.exe
0x00000000779d0000 - 0x0000000077b7b000 	C:\Windows\SYSTEM32\ntdll.dll
0x00000000778b0000 - 0x00000000779cf000 	C:\Windows\system32\kernel32.dll
0x000007fefdbf0000 - 0x000007fefdc5b000 	C:\Windows\system32\KERNELBASE.dll
0x000007fefeac0000 - 0x000007fefeb9b000 	C:\Windows\system32\ADVAPI32.dll
0x000007fefe7c0000 - 0x000007fefe85f000 	C:\Windows\system32\msvcrt.dll
0x000007feffc90000 - 0x000007feffcaf000 	C:\Windows\SYSTEM32\sechost.dll
0x000007fefe0e0000 - 0x000007fefe20e000 	C:\Windows\system32\RPCRT4.dll
0x00000000777b0000 - 0x00000000778aa000 	C:\Windows\system32\USER32.dll
0x000007fefeba0000 - 0x000007fefec07000 	C:\Windows\system32\GDI32.dll
0x000007feffcd0000 - 0x000007feffcde000 	C:\Windows\system32\LPK.dll
0x000007fefe990000 - 0x000007fefea5a000 	C:\Windows\system32\USP10.dll
0x000007fefe4a0000 - 0x000007fefe4ce000 	C:\Windows\system32\IMM32.DLL
0x000007fefe6b0000 - 0x000007fefe7b9000 	C:\Windows\system32\MSCTF.dll
0x000000006d7f0000 - 0x000000006dec1000 	C:\Program Files\Java\jre6\bin\server\jvm.dll
0x000007fef7ec0000 - 0x000007fef7efb000 	C:\Windows\system32\WINMM.dll
0x000000006d760000 - 0x000000006d76e000 	C:\Program Files\Java\jre6\bin\verify.dll
0x000000006d3b0000 - 0x000000006d3d7000 	C:\Program Files\Java\jre6\bin\java.dll
0x000000006d310000 - 0x000000006d31a000 	C:\Program Files\Java\jre6\bin\hpi.dll
0x0000000077b90000 - 0x0000000077b97000 	C:\Windows\system32\PSAPI.DLL
0x000000006d7b0000 - 0x000000006d7c2000 	C:\Program Files\Java\jre6\bin\zip.dll
0x000000006d000000 - 0x000000006d1c3000 	C:\Program Files\Java\jre6\bin\awt.dll
0x000007fef4e50000 - 0x000007fef4ec0000 	C:\Windows\system32\WINSPOOL.DRV
0x000007fefe210000 - 0x000007fefe412000 	C:\Windows\system32\ole32.dll
0x000007fefef00000 - 0x000007feffc86000 	C:\Windows\system32\SHELL32.dll
0x000007fefe420000 - 0x000007fefe491000 	C:\Windows\system32\SHLWAPI.dll
0x000007fef8900000 - 0x000007fef8af4000 	C:\Windows\WinSxS\amd64_microsoft.windows.common-controls_6595b64144ccf1df_6.0.7600.16661_none_fa62ad231704eab7\COMCTL32.dll
0x000007fef7c40000 - 0x000007fef7c58000 	C:\Windows\system32\DWMAPI.DLL
0x000007fef8720000 - 0x000007fef8776000 	C:\Windows\system32\uxtheme.dll
0x000000006d2a0000 - 0x000000006d306000 	C:\Program Files\Java\jre6\bin\fontmanager.dll
0x000007fefd860000 - 0x000007fefd86f000 	C:\Windows\system32\CRYPTBASE.dll
0x000007fee7270000 - 0x000007fee746f000 	C:\Windows\system32\d3d9.dll
0x000007fef90e0000 - 0x000007fef90ec000 	C:\Windows\system32\VERSION.dll
0x000007fef7050000 - 0x000007fef7057000 	C:\Windows\system32\d3d8thk.dll
0x000007feee2b0000 - 0x000007feeebc2000 	C:\Windows\system32\nvd3dumx.dll
0x000007fef8df0000 - 0x000007fef8e1c000 	C:\Windows\system32\powrprof.dll
0x000007fefe4d0000 - 0x000007fefe6a7000 	C:\Windows\system32\SETUPAPI.dll
0x000007fefdc60000 - 0x000007fefdc96000 	C:\Windows\system32\CFGMGR32.dll
0x000007fefe000000 - 0x000007fefe0d7000 	C:\Windows\system32\OLEAUT32.dll
0x000007fefdca0000 - 0x000007fefdcba000 	C:\Windows\system32\DEVOBJ.dll
0x00000000637c0000 - 0x00000000637ca000 	C:\lib\jogl-2.0\lib\gluegen-rt.dll
0x000000006d3f0000 - 0x000000006d3f7000 	C:\Program Files\Java\jre6\bin\jawt.dll
0x000000006a440000 - 0x000000006a44b000 	C:\lib\jogl-2.0\lib\nativewindow_awt.dll
0x000007fee7fe0000 - 0x000007fee80fd000 	C:\Windows\system32\OpenGL32.dll
0x000007fef0f50000 - 0x000007fef0f7d000 	C:\Windows\system32\GLU32.dll
0x000007feeebd0000 - 0x000007feeecc1000 	C:\Windows\system32\DDRAW.dll
0x000007fef7560000 - 0x000007fef7568000 	C:\Windows\system32\DCIMAN32.dll
0x0000000064500000 - 0x000000006458c000 	C:\lib\jogl-2.0\lib\jogl_desktop.dll
0x000000006c100000 - 0x000000006c10b000 	C:\lib\jogl-2.0\lib\nativewindow_win32.dll
0x0000000069500000 - 0x000000006a376000 	C:\Windows\system32\nvoglv64.DLL
0x000000006d600000 - 0x000000006d617000 	C:\Program Files\Java\jre6\bin\net.dll
0x000007fefeeb0000 - 0x000007fefeefd000 	C:\Windows\system32\WS2_32.dll
0x000007fefeab0000 - 0x000007fefeab8000 	C:\Windows\system32\NSI.dll
0x000007fefd1a0000 - 0x000007fefd1f4000 	C:\Windows\system32\mswsock.dll
0x000007fefd190000 - 0x000007fefd197000 	C:\Windows\System32\wship6.dll
0x000000006d620000 - 0x000000006d62b000 	C:\Program Files\Java\jre6\bin\nio.dll
0x000000006d4d0000 - 0x000000006d505000 	C:\Program Files\Java\jre6\bin\jpeg.dll
0x000000006d510000 - 0x000000006d53e000 	C:\Program Files\Java\jre6\bin\jsound.dll
0x000007fef84b0000 - 0x000007fef84fb000 	C:\Windows\system32\MMDevAPI.DLL
0x000007fef8780000 - 0x000007fef88ac000 	C:\Windows\system32\PROPSYS.dll
0x000007fef7e80000 - 0x000007fef7ebb000 	C:\Windows\system32\wdmaud.drv
0x00000000751a0000 - 0x00000000751a6000 	C:\Windows\system32\ksuser.dll
0x000007fef8ed0000 - 0x000007fef8ed9000 	C:\Windows\system32\AVRT.dll
0x000007fef7680000 - 0x000007fef76cf000 	C:\Windows\system32\AUDIOSES.DLL
0x000007fef7180000 - 0x000007fef718a000 	C:\Windows\system32\msacm32.drv
0x000007fef7160000 - 0x000007fef7178000 	C:\Windows\system32\MSACM32.dll
0x000007fef7150000 - 0x000007fef7159000 	C:\Windows\system32\midimap.dll
0x000007fefdd00000 - 0x000007fefdd99000 	C:\Windows\system32\CLBCatQ.DLL

VM Arguments:
jvm_args: -Djava.library.path=C:\lib\jogl-2.0\lib;C:\lib\jogl-2.0\lib;C:\lib\jogl-2.0\lib;C:\lib\jogl-2.0\lib -Dfile.encoding=Cp1252 
java_command: Asteroids
Launcher Type: SUN_STANDARD

Environment Variables:
CLASSPATH=.;C:\Program Files (x86)\Java\jre6\lib\ext\QTJava.zip
PATH=C:\Windows\system32;C:\Windows;C:\Windows\System32\Wbem;C:\Windows\System32\WindowsPowerShell\v1.0\;C:\Program Files (x86)\Common Files\Teleca Shared;C:\Program Files (x86)\Calibre2\;C:\Program Files (x86)\QuickTime\QTSystem\;C:\Program Files (x86)\Lua\5.1;C:\Program Files (x86)\Lua\5.1\clibs;C:\Program Files\TortoiseGit\bin;C:\Program Files (x86)\Git\cmd
USERNAME=Dave
OS=Windows_NT
PROCESSOR_IDENTIFIER=Intel64 Family 6 Model 23 Stepping 10, GenuineIntel



---------------  S Y S T E M  ---------------

OS: Windows 7 Build 7600 

CPU:total 2 (2 cores per cpu, 1 threads per core) family 6 model 23 stepping 10, cmov, cx8, fxsr, mmx, sse, sse2, sse3, ssse3, sse4.1

Memory: 4k page, physical 4193396k(2158800k free), swap 4727972k(2191068k free)

vm_info: Java HotSpot(TM) 64-Bit Server VM (17.1-b03) for windows-amd64 JRE (1.6.0_22-b04), built on Sep 15 2010 00:45:56 by "java_re" with MS VC++ 8.0 (VS2005)

time: Tue Dec 07 16:59:04 2010
elapsed time: 112 seconds

